<?xml version="1.0" encoding="UTF-8"?>
<testsuite name="games.game2048.TestGame2048" tests="1" skipped="0" failures="0" errors="0" timestamp="2022-07-31T03:04:12" hostname="PYLOAD" time="0.128">
  <properties/>
  <testcase name="testMoves" classname="games.game2048.TestGame2048" time="0.128"/>
  <system-out><![CDATA[]]></system-out>
  <system-err><![CDATA[]]></system-err>
</testsuite>
